package configuration for libffi is not found
have_header: checking for ffi.h... -------------------- no

"/usr/bin/gcc -o conftest -I/Users/gregoryehill/.rvm/rubies/ruby-1.9.3-p327/include/ruby-1.9.1/x86_64-darwin12.2.0 -I/Users/gregoryehill/.rvm/rubies/ruby-1.9.3-p327/include/ruby-1.9.1/ruby/backward -I/Users/gregoryehill/.rvm/rubies/ruby-1.9.3-p327/include/ruby-1.9.1 -I. -D_XOPEN_SOURCE -D_DARWIN_C_SOURCE   -I/Users/mpapis/.sm/pkg/active/include -pipe conftest.c  -L. -L/Users/gregoryehill/.rvm/rubies/ruby-1.9.3-p327/lib -L. -Bstatic -L/Users/mpapis/.sm/pkg/active/lib   -arch x86_64   -lruby-static  -lpthread -ldl -lobjc "
ld: warning: directory not found for option '-L/Users/mpapis/.sm/pkg/active/lib'
checked program was:
/* begin */
1: #include "ruby.h"
2: 
3: int main() {return 0;}
/* end */

"/usr/bin/gcc -E -I/Users/gregoryehill/.rvm/rubies/ruby-1.9.3-p327/include/ruby-1.9.1/x86_64-darwin12.2.0 -I/Users/gregoryehill/.rvm/rubies/ruby-1.9.3-p327/include/ruby-1.9.1/ruby/backward -I/Users/gregoryehill/.rvm/rubies/ruby-1.9.3-p327/include/ruby-1.9.1 -I. -D_XOPEN_SOURCE -D_DARWIN_C_SOURCE   -I/Users/mpapis/.sm/pkg/active/include -pipe  conftest.c -o conftest.i"
conftest.c:3:17: error: ffi.h: No such file or directory
checked program was:
/* begin */
1: #include "ruby.h"
2: 
3: #include <ffi.h>
/* end */

--------------------

find_header: checking for ffi.h in /usr/local/include,/usr/include/ffi... -------------------- yes

"/usr/bin/gcc -E -I/Users/gregoryehill/.rvm/rubies/ruby-1.9.3-p327/include/ruby-1.9.1/x86_64-darwin12.2.0 -I/Users/gregoryehill/.rvm/rubies/ruby-1.9.3-p327/include/ruby-1.9.1/ruby/backward -I/Users/gregoryehill/.rvm/rubies/ruby-1.9.3-p327/include/ruby-1.9.1 -I. -D_XOPEN_SOURCE -D_DARWIN_C_SOURCE   -I/Users/mpapis/.sm/pkg/active/include -pipe  conftest.c -o conftest.i"
conftest.c:3:17: error: ffi.h: No such file or directory
checked program was:
/* begin */
1: #include "ruby.h"
2: 
3: #include <ffi.h>
/* end */

"/usr/bin/gcc -E -I/Users/gregoryehill/.rvm/rubies/ruby-1.9.3-p327/include/ruby-1.9.1/x86_64-darwin12.2.0 -I/Users/gregoryehill/.rvm/rubies/ruby-1.9.3-p327/include/ruby-1.9.1/ruby/backward -I/Users/gregoryehill/.rvm/rubies/ruby-1.9.3-p327/include/ruby-1.9.1 -I. -D_XOPEN_SOURCE -D_DARWIN_C_SOURCE   -I/Users/mpapis/.sm/pkg/active/include -pipe -I/usr/local/include conftest.c -o conftest.i"
conftest.c:3:17: error: ffi.h: No such file or directory
checked program was:
/* begin */
1: #include "ruby.h"
2: 
3: #include <ffi.h>
/* end */

"/usr/bin/gcc -E -I/Users/gregoryehill/.rvm/rubies/ruby-1.9.3-p327/include/ruby-1.9.1/x86_64-darwin12.2.0 -I/Users/gregoryehill/.rvm/rubies/ruby-1.9.3-p327/include/ruby-1.9.1/ruby/backward -I/Users/gregoryehill/.rvm/rubies/ruby-1.9.3-p327/include/ruby-1.9.1 -I. -D_XOPEN_SOURCE -D_DARWIN_C_SOURCE   -I/Users/mpapis/.sm/pkg/active/include -pipe -I/usr/include/ffi conftest.c -o conftest.i"
checked program was:
/* begin */
1: #include "ruby.h"
2: 
3: #include <ffi.h>
/* end */

--------------------

have_library: checking for ffi_call() in -lffi... -------------------- yes

"/usr/bin/gcc -o conftest -I/Users/gregoryehill/.rvm/rubies/ruby-1.9.3-p327/include/ruby-1.9.1/x86_64-darwin12.2.0 -I/Users/gregoryehill/.rvm/rubies/ruby-1.9.3-p327/include/ruby-1.9.1/ruby/backward -I/Users/gregoryehill/.rvm/rubies/ruby-1.9.3-p327/include/ruby-1.9.1 -I. -I/usr/include/ffi -D_XOPEN_SOURCE -D_DARWIN_C_SOURCE   -I/Users/mpapis/.sm/pkg/active/include -pipe conftest.c  -L. -L/Users/gregoryehill/.rvm/rubies/ruby-1.9.3-p327/lib -L. -Bstatic -L/Users/mpapis/.sm/pkg/active/lib   -arch x86_64   -lruby-static -lffi  -lpthread -ldl -lobjc "
ld: warning: directory not found for option '-L/Users/mpapis/.sm/pkg/active/lib'
checked program was:
/* begin */
1: #include "ruby.h"
2: 
3: #include <ffi.h>
4: 
5: /*top*/
6: int main() {return 0;}
7: int t() { void ((*volatile p)()); p = (void ((*)()))ffi_call; return 0; }
/* end */

--------------------

have_func: checking for ffi_prep_closure()... -------------------- yes

"/usr/bin/gcc -o conftest -I/Users/gregoryehill/.rvm/rubies/ruby-1.9.3-p327/include/ruby-1.9.1/x86_64-darwin12.2.0 -I/Users/gregoryehill/.rvm/rubies/ruby-1.9.3-p327/include/ruby-1.9.1/ruby/backward -I/Users/gregoryehill/.rvm/rubies/ruby-1.9.3-p327/include/ruby-1.9.1 -I. -I/usr/include/ffi -D_XOPEN_SOURCE -D_DARWIN_C_SOURCE   -I/Users/mpapis/.sm/pkg/active/include -pipe conftest.c  -L. -L/Users/gregoryehill/.rvm/rubies/ruby-1.9.3-p327/lib -L. -Bstatic -L/Users/mpapis/.sm/pkg/active/lib   -arch x86_64  -lffi  -lruby-static -lffi  -lpthread -ldl -lobjc "
conftest.c: In function ‘t’:
conftest.c:5: error: ‘ffi_prep_closure’ undeclared (first use in this function)
conftest.c:5: error: (Each undeclared identifier is reported only once
conftest.c:5: error: for each function it appears in.)
checked program was:
/* begin */
1: #include "ruby.h"
2: 
3: /*top*/
4: int main() {return 0;}
5: int t() { void ((*volatile p)()); p = (void ((*)()))ffi_prep_closure; return 0; }
/* end */

"/usr/bin/gcc -o conftest -I/Users/gregoryehill/.rvm/rubies/ruby-1.9.3-p327/include/ruby-1.9.1/x86_64-darwin12.2.0 -I/Users/gregoryehill/.rvm/rubies/ruby-1.9.3-p327/include/ruby-1.9.1/ruby/backward -I/Users/gregoryehill/.rvm/rubies/ruby-1.9.3-p327/include/ruby-1.9.1 -I. -I/usr/include/ffi -D_XOPEN_SOURCE -D_DARWIN_C_SOURCE   -I/Users/mpapis/.sm/pkg/active/include -pipe conftest.c  -L. -L/Users/gregoryehill/.rvm/rubies/ruby-1.9.3-p327/lib -L. -Bstatic -L/Users/mpapis/.sm/pkg/active/lib   -arch x86_64  -lffi  -lruby-static -lffi  -lpthread -ldl -lobjc "
ld: warning: directory not found for option '-L/Users/mpapis/.sm/pkg/active/lib'
checked program was:
/* begin */
1: #include "ruby.h"
2: 
3: /*top*/
4: int main() {return 0;}
5: int t() { ffi_prep_closure(); return 0; }
/* end */

--------------------

have_func: checking for ffi_raw_call()... -------------------- no

"/usr/bin/gcc -o conftest -I/Users/gregoryehill/.rvm/rubies/ruby-1.9.3-p327/include/ruby-1.9.1/x86_64-darwin12.2.0 -I/Users/gregoryehill/.rvm/rubies/ruby-1.9.3-p327/include/ruby-1.9.1/ruby/backward -I/Users/gregoryehill/.rvm/rubies/ruby-1.9.3-p327/include/ruby-1.9.1 -I. -I/usr/include/ffi -D_XOPEN_SOURCE -D_DARWIN_C_SOURCE   -I/Users/mpapis/.sm/pkg/active/include -pipe conftest.c  -L. -L/Users/gregoryehill/.rvm/rubies/ruby-1.9.3-p327/lib -L. -Bstatic -L/Users/mpapis/.sm/pkg/active/lib   -arch x86_64  -lffi  -lruby-static -lffi  -lpthread -ldl -lobjc "
conftest.c: In function ‘t’:
conftest.c:5: error: ‘ffi_raw_call’ undeclared (first use in this function)
conftest.c:5: error: (Each undeclared identifier is reported only once
conftest.c:5: error: for each function it appears in.)
checked program was:
/* begin */
1: #include "ruby.h"
2: 
3: /*top*/
4: int main() {return 0;}
5: int t() { void ((*volatile p)()); p = (void ((*)()))ffi_raw_call; return 0; }
/* end */

"/usr/bin/gcc -o conftest -I/Users/gregoryehill/.rvm/rubies/ruby-1.9.3-p327/include/ruby-1.9.1/x86_64-darwin12.2.0 -I/Users/gregoryehill/.rvm/rubies/ruby-1.9.3-p327/include/ruby-1.9.1/ruby/backward -I/Users/gregoryehill/.rvm/rubies/ruby-1.9.3-p327/include/ruby-1.9.1 -I. -I/usr/include/ffi -D_XOPEN_SOURCE -D_DARWIN_C_SOURCE   -I/Users/mpapis/.sm/pkg/active/include -pipe conftest.c  -L. -L/Users/gregoryehill/.rvm/rubies/ruby-1.9.3-p327/lib -L. -Bstatic -L/Users/mpapis/.sm/pkg/active/lib   -arch x86_64  -lffi  -lruby-static -lffi  -lpthread -ldl -lobjc "
ld: warning: directory not found for option '-L/Users/mpapis/.sm/pkg/active/lib'
Undefined symbols for architecture x86_64:
  "_ffi_raw_call", referenced from:
      _t in ccsYNQdw.o
ld: symbol(s) not found for architecture x86_64
collect2: ld returned 1 exit status
checked program was:
/* begin */
1: #include "ruby.h"
2: 
3: /*top*/
4: int main() {return 0;}
5: int t() { ffi_raw_call(); return 0; }
/* end */

--------------------

have_func: checking for rb_thread_blocking_region()... -------------------- yes

"/usr/bin/gcc -o conftest -I/Users/gregoryehill/.rvm/rubies/ruby-1.9.3-p327/include/ruby-1.9.1/x86_64-darwin12.2.0 -I/Users/gregoryehill/.rvm/rubies/ruby-1.9.3-p327/include/ruby-1.9.1/ruby/backward -I/Users/gregoryehill/.rvm/rubies/ruby-1.9.3-p327/include/ruby-1.9.1 -I. -I/usr/include/ffi -D_XOPEN_SOURCE -D_DARWIN_C_SOURCE   -I/Users/mpapis/.sm/pkg/active/include -pipe conftest.c  -L. -L/Users/gregoryehill/.rvm/rubies/ruby-1.9.3-p327/lib -L. -Bstatic -L/Users/mpapis/.sm/pkg/active/lib   -arch x86_64  -lffi  -lruby-static -lffi  -lpthread -ldl -lobjc "
ld: warning: directory not found for option '-L/Users/mpapis/.sm/pkg/active/lib'
checked program was:
/* begin */
1: #include "ruby.h"
2: 
3: /*top*/
4: int main() {return 0;}
5: int t() { void ((*volatile p)()); p = (void ((*)()))rb_thread_blocking_region; return 0; }
/* end */

--------------------

have_func: checking for ruby_native_thread_p()... -------------------- yes

"/usr/bin/gcc -o conftest -I/Users/gregoryehill/.rvm/rubies/ruby-1.9.3-p327/include/ruby-1.9.1/x86_64-darwin12.2.0 -I/Users/gregoryehill/.rvm/rubies/ruby-1.9.3-p327/include/ruby-1.9.1/ruby/backward -I/Users/gregoryehill/.rvm/rubies/ruby-1.9.3-p327/include/ruby-1.9.1 -I. -I/usr/include/ffi -D_XOPEN_SOURCE -D_DARWIN_C_SOURCE   -I/Users/mpapis/.sm/pkg/active/include -pipe conftest.c  -L. -L/Users/gregoryehill/.rvm/rubies/ruby-1.9.3-p327/lib -L. -Bstatic -L/Users/mpapis/.sm/pkg/active/lib   -arch x86_64  -lffi  -lruby-static -lffi  -lpthread -ldl -lobjc "
ld: warning: directory not found for option '-L/Users/mpapis/.sm/pkg/active/lib'
checked program was:
/* begin */
1: #include "ruby.h"
2: 
3: /*top*/
4: int main() {return 0;}
5: int t() { void ((*volatile p)()); p = (void ((*)()))ruby_native_thread_p; return 0; }
/* end */

--------------------

have_func: checking for rb_thread_call_with_gvl()... -------------------- yes

"/usr/bin/gcc -o conftest -I/Users/gregoryehill/.rvm/rubies/ruby-1.9.3-p327/include/ruby-1.9.1/x86_64-darwin12.2.0 -I/Users/gregoryehill/.rvm/rubies/ruby-1.9.3-p327/include/ruby-1.9.1/ruby/backward -I/Users/gregoryehill/.rvm/rubies/ruby-1.9.3-p327/include/ruby-1.9.1 -I. -I/usr/include/ffi -D_XOPEN_SOURCE -D_DARWIN_C_SOURCE   -I/Users/mpapis/.sm/pkg/active/include -pipe conftest.c  -L. -L/Users/gregoryehill/.rvm/rubies/ruby-1.9.3-p327/lib -L. -Bstatic -L/Users/mpapis/.sm/pkg/active/lib   -arch x86_64  -lffi  -lruby-static -lffi  -lpthread -ldl -lobjc "
conftest.c: In function ‘t’:
conftest.c:5: error: ‘rb_thread_call_with_gvl’ undeclared (first use in this function)
conftest.c:5: error: (Each undeclared identifier is reported only once
conftest.c:5: error: for each function it appears in.)
checked program was:
/* begin */
1: #include "ruby.h"
2: 
3: /*top*/
4: int main() {return 0;}
5: int t() { void ((*volatile p)()); p = (void ((*)()))rb_thread_call_with_gvl; return 0; }
/* end */

"/usr/bin/gcc -o conftest -I/Users/gregoryehill/.rvm/rubies/ruby-1.9.3-p327/include/ruby-1.9.1/x86_64-darwin12.2.0 -I/Users/gregoryehill/.rvm/rubies/ruby-1.9.3-p327/include/ruby-1.9.1/ruby/backward -I/Users/gregoryehill/.rvm/rubies/ruby-1.9.3-p327/include/ruby-1.9.1 -I. -I/usr/include/ffi -D_XOPEN_SOURCE -D_DARWIN_C_SOURCE   -I/Users/mpapis/.sm/pkg/active/include -pipe conftest.c  -L. -L/Users/gregoryehill/.rvm/rubies/ruby-1.9.3-p327/lib -L. -Bstatic -L/Users/mpapis/.sm/pkg/active/lib   -arch x86_64  -lffi  -lruby-static -lffi  -lpthread -ldl -lobjc "
ld: warning: directory not found for option '-L/Users/mpapis/.sm/pkg/active/lib'
checked program was:
/* begin */
1: #include "ruby.h"
2: 
3: /*top*/
4: int main() {return 0;}
5: int t() { rb_thread_call_with_gvl(); return 0; }
/* end */

--------------------

have_func: checking for ffi_prep_cif_var()... -------------------- no

"/usr/bin/gcc -o conftest -I/Users/gregoryehill/.rvm/rubies/ruby-1.9.3-p327/include/ruby-1.9.1/x86_64-darwin12.2.0 -I/Users/gregoryehill/.rvm/rubies/ruby-1.9.3-p327/include/ruby-1.9.1/ruby/backward -I/Users/gregoryehill/.rvm/rubies/ruby-1.9.3-p327/include/ruby-1.9.1 -I. -I/usr/include/ffi -D_XOPEN_SOURCE -D_DARWIN_C_SOURCE   -I/Users/mpapis/.sm/pkg/active/include -pipe conftest.c  -L. -L/Users/gregoryehill/.rvm/rubies/ruby-1.9.3-p327/lib -L. -Bstatic -L/Users/mpapis/.sm/pkg/active/lib   -arch x86_64  -lffi  -lruby-static -lffi  -lpthread -ldl -lobjc "
conftest.c: In function ‘t’:
conftest.c:5: error: ‘ffi_prep_cif_var’ undeclared (first use in this function)
conftest.c:5: error: (Each undeclared identifier is reported only once
conftest.c:5: error: for each function it appears in.)
checked program was:
/* begin */
1: #include "ruby.h"
2: 
3: /*top*/
4: int main() {return 0;}
5: int t() { void ((*volatile p)()); p = (void ((*)()))ffi_prep_cif_var; return 0; }
/* end */

"/usr/bin/gcc -o conftest -I/Users/gregoryehill/.rvm/rubies/ruby-1.9.3-p327/include/ruby-1.9.1/x86_64-darwin12.2.0 -I/Users/gregoryehill/.rvm/rubies/ruby-1.9.3-p327/include/ruby-1.9.1/ruby/backward -I/Users/gregoryehill/.rvm/rubies/ruby-1.9.3-p327/include/ruby-1.9.1 -I. -I/usr/include/ffi -D_XOPEN_SOURCE -D_DARWIN_C_SOURCE   -I/Users/mpapis/.sm/pkg/active/include -pipe conftest.c  -L. -L/Users/gregoryehill/.rvm/rubies/ruby-1.9.3-p327/lib -L. -Bstatic -L/Users/mpapis/.sm/pkg/active/lib   -arch x86_64  -lffi  -lruby-static -lffi  -lpthread -ldl -lobjc "
ld: warning: directory not found for option '-L/Users/mpapis/.sm/pkg/active/lib'
Undefined symbols for architecture x86_64:
  "_ffi_prep_cif_var", referenced from:
      _t in ccqgwPHq.o
ld: symbol(s) not found for architecture x86_64
collect2: ld returned 1 exit status
checked program was:
/* begin */
1: #include "ruby.h"
2: 
3: /*top*/
4: int main() {return 0;}
5: int t() { ffi_prep_cif_var(); return 0; }
/* end */

--------------------

extconf.h is:
/* begin */
1: #ifndef EXTCONF_H
2: #define EXTCONF_H
3: #define HAVE_FFI_PREP_CLOSURE 1
4: #define HAVE_RB_THREAD_BLOCKING_REGION 1
5: #define HAVE_RUBY_NATIVE_THREAD_P 1
6: #define HAVE_RB_THREAD_CALL_WITH_GVL 1
7: #define RUBY_1_9 1
8: #endif
/* end */

